{"numFailedTestSuites":0,"numFailedTests":0,"numPassedTestSuites":2,"numPassedTests":14,"numPendingTestSuites":0,"numPendingTests":0,"numRuntimeErrorTestSuites":0,"numTodoTests":0,"numTotalTestSuites":2,"numTotalTests":14,"openHandles":[],"snapshot":{"added":0,"didUpdate":false,"failure":false,"filesAdded":0,"filesRemoved":0,"filesRemovedList":[],"filesUnmatched":0,"filesUpdated":0,"matched":0,"total":0,"unchecked":0,"uncheckedKeysByFile":[],"unmatched":0,"updated":0},"startTime":1719760967555,"success":true,"testResults":[{"assertionResults":[{"ancestorTitles":["AuthController"],"duration":7,"failureDetails":[],"failureMessages":[],"fullName":"AuthController should be defined","invocations":1,"location":null,"numPassingAsserts":1,"retryReasons":[],"status":"passed","title":"should be defined"},{"ancestorTitles":["AuthController","register"],"duration":2,"failureDetails":[],"failureMessages":[],"fullName":"AuthController register should register a new user","invocations":1,"location":null,"numPassingAsserts":2,"retryReasons":[],"status":"passed","title":"should register a new user"},{"ancestorTitles":["AuthController","register"],"duration":6,"failureDetails":[],"failureMessages":[],"fullName":"AuthController register should throw ConflictException if email already exists","invocations":1,"location":null,"numPassingAsserts":1,"retryReasons":[],"status":"passed","title":"should throw ConflictException if email already exists"},{"ancestorTitles":["AuthController","login"],"duration":2,"failureDetails":[],"failureMessages":[],"fullName":"AuthController login should return tokens for valid credentials","invocations":1,"location":null,"numPassingAsserts":4,"retryReasons":[],"status":"passed","title":"should return tokens for valid credentials"},{"ancestorTitles":["AuthController","login"],"duration":3,"failureDetails":[],"failureMessages":[],"fullName":"AuthController login should throw UnauthorizedException for invalid credentials","invocations":1,"location":null,"numPassingAsserts":1,"retryReasons":[],"status":"passed","title":"should throw UnauthorizedException for invalid credentials"},{"ancestorTitles":["AuthController","refreshToken"],"duration":1,"failureDetails":[],"failureMessages":[],"fullName":"AuthController refreshToken should refresh tokens successfully","invocations":1,"location":null,"numPassingAsserts":4,"retryReasons":[],"status":"passed","title":"should refresh tokens successfully"},{"ancestorTitles":["AuthController","refreshToken"],"duration":1,"failureDetails":[],"failureMessages":[],"fullName":"AuthController refreshToken should throw UnauthorizedException for invalid refresh token","invocations":1,"location":null,"numPassingAsserts":1,"retryReasons":[],"status":"passed","title":"should throw UnauthorizedException for invalid refresh token"}],"endTime":1719760969140,"message":"","name":"/Users/hyunjong/WebstormProjects/ai-calorie-diary/backend/src/auth/adapter/in/rest/auth.controller.spec.ts","startTime":1719760967687,"status":"passed","summary":""},{"assertionResults":[{"ancestorTitles":["AuthService"],"duration":7,"failureDetails":[],"failureMessages":[],"fullName":"AuthService should be defined","invocations":1,"location":null,"numPassingAsserts":1,"retryReasons":[],"status":"passed","title":"should be defined"},{"ancestorTitles":["AuthService","register"],"duration":59,"failureDetails":[],"failureMessages":[],"fullName":"AuthService register should register a new user","invocations":1,"location":null,"numPassingAsserts":3,"retryReasons":[],"status":"passed","title":"should register a new user"},{"ancestorTitles":["AuthService","register"],"duration":6,"failureDetails":[],"failureMessages":[],"fullName":"AuthService register should throw ConflictException if email already exists","invocations":1,"location":null,"numPassingAsserts":1,"retryReasons":[],"status":"passed","title":"should throw ConflictException if email already exists"},{"ancestorTitles":["AuthService","login"],"duration":112,"failureDetails":[],"failureMessages":[],"fullName":"AuthService login should return tokens for valid credentials","invocations":1,"location":null,"numPassingAsserts":4,"retryReasons":[],"status":"passed","title":"should return tokens for valid credentials"},{"ancestorTitles":["AuthService","login"],"duration":112,"failureDetails":[],"failureMessages":[],"fullName":"AuthService login should throw UnauthorizedException for invalid credentials","invocations":1,"location":null,"numPassingAsserts":1,"retryReasons":[],"status":"passed","title":"should throw UnauthorizedException for invalid credentials"},{"ancestorTitles":["AuthService","refreshToken"],"duration":2,"failureDetails":[],"failureMessages":[],"fullName":"AuthService refreshToken should refresh tokens successfully","invocations":1,"location":null,"numPassingAsserts":3,"retryReasons":[],"status":"passed","title":"should refresh tokens successfully"},{"ancestorTitles":["AuthService","refreshToken"],"duration":2,"failureDetails":[],"failureMessages":[],"fullName":"AuthService refreshToken should throw UnauthorizedException for invalid refresh token","invocations":1,"location":null,"numPassingAsserts":1,"retryReasons":[],"status":"passed","title":"should throw UnauthorizedException for invalid refresh token"}],"endTime":1719760969408,"message":"","name":"/Users/hyunjong/WebstormProjects/ai-calorie-diary/backend/src/auth/application/service/auth.service.spec.ts","startTime":1719760967688,"status":"passed","summary":""}],"wasInterrupted":false}
